
Uploaded files: Sales_February_2019.csv
Files uploaded and processed successfully!
Data loaded onto sales_data_cube table successfully.
Processing Time: 00h 00m 20s 706ms

Uploaded files: Sales_February_2019.csv
Files uploaded and processed successfully!
Data loaded onto sales_data_cube table successfully.
Uploaded files:
Uploaded files: Sales_February_2019.csv
Processing Time: 00h 00m 18s 870ms

Uploaded files: Sales_February_2019.csv
Files uploaded and processed successfully!
Data loaded onto sales_data_cube table successfully.
Uploaded files:
Uploaded files: Sales_February_2019.csv
Processing Time: 00h 00m 17s 334ms

Uploaded files: Sales_February_2019.csv
Files uploaded and processed successfully!
Data loaded onto sales_data_cube table successfully.
Uploaded files: Sales_February_2019.csv
Processing Time: 00h 00m 18s 514ms

Uploaded files: Sales_February_2019.csv
Files uploaded and processed successfully!
Data loaded onto sales_data_cube table successfully.
Uploaded files: Sales_February_2019.csv
Processing Time: 00h 00m 17s 646ms

Files uploaded and processed successfully!
Data loaded onto sales_data_cube table successfully.
Uploaded files: Sales_February_2019.csv
Processing Time: 00h 00m 18s 360ms

Files uploaded and processed successfully!
Data loaded onto sales_data_cube table successfully.
Uploaded files: Sales_February_2019.csv
Processing Time: 00h 00m 17s 997ms

Files uploaded and processed successfully!
Data loaded onto sales_data_cube table successfully.
Uploaded files: Sales_April_2019.csv
Processing Time: 00h 00m 38s 301ms

Files uploaded and processed successfully!
Data loaded onto sales_data_cube table successfully.
Uploaded files: Sales_February_2019.csv
Processing Time: 00h 00m 20s 852ms

Files uploaded and processed successfully!
Data loaded onto sales_data_cube table successfully.
Uploaded files: Sales_March_2019.csv
Processing Time: 00h 00m 27s 184ms

Files uploaded and processed successfully!
Data loaded onto sales_data_cube table successfully.
Uploaded files: Sales_February_2019.csv
Processing Time: 00h 00m 18s 857ms

Files uploaded and processed successfully!
Data loaded onto sales_data_cube table successfully.
Uploaded files: Sales_February_2019.csv
Processing Time: 00h 00m 18s 425ms

Processing Time: 00h 00m 18s 804ms

Processing Time: 00h 00m 18s 602ms

Files uploaded and processed successfully!
Data loaded onto sales_data_cube table successfully.
Uploaded files: Sales_February_2019.csv
Processing Time: 00h 00m 18s 848ms

Files uploaded and processed successfully!
Data loaded onto sales_data_cube table successfully.
Uploaded files: Sales_March_2019.csv
Processing Time: 00h 00m 27s 337ms

Files uploaded and processed successfully!
Data loaded onto sales_data_cube table successfully.
Uploaded files: Sales_February_2019.csv
Processing Time: 00h 00m 19s 668ms
